# Entry removed Thu Aug 29 01:32:26 2024
# Track:  https://youtube.com/watch?v=wkFhhnApeF4
# Reason: ERROR: [youtube] wkFhhnApeF4: Private video. Sign in if you've been granted access to this video

################################

# Entry removed Thu Aug 29 04:44:22 2024
# Track:  https://youtube.com/watch?v=Ygv7C3nyN0w
# Reason: ERROR: [youtube] Ygv7C3nyN0w: Video unavailable. This video is no longer available because the YouTube account associated with this video has been terminated.

################################

# Entry removed Thu Aug 29 04:57:41 2024
# Track:  https://youtube.com/watch?v=rq_F7lGOj7I
# Reason: ERROR: [youtube] rq_F7lGOj7I: Private video. Sign in if you've been granted access to this video

################################

# Entry removed Thu Aug 29 05:04:25 2024
# Track:  https://youtube.com/watch?v=nmte57oKe6U
# Reason: ERROR: [youtube] nmte57oKe6U: Video unavailable. This video is no longer available because the YouTube account associated with this video has been terminated.

################################

# Entry removed Thu Aug 29 05:04:25 2024
# Track:  https://youtube.com/watch?v=oBllGsz-6Os
# Reason: ERROR: [youtube] oBllGsz-6Os: Video unavailable

################################

# Entry removed Thu Aug 29 05:04:26 2024
# Track:  https://youtube.com/watch?v=_sC6epraFkY
# Reason: ERROR: [youtube] _sC6epraFkY: Private video. Sign in if you've been granted access to this video

################################

# Entry removed Thu Aug 29 23:40:19 2024
# Track:  https://youtube.com/watch?v=EcTl3TFZwFg
# Reason: ERROR: [youtube] EcTl3TFZwFg: Video unavailable

################################

# Entry removed Thu Aug 29 23:49:05 2024
# Track:  https://youtube.com/watch?v=4bjPlBC4h_8
# Reason: ERROR: [youtube] 4bjPlBC4h_8: Video unavailable. This video contains content from SME, who has blocked it in your country on copyright grounds

################################

# Entry removed Fri Aug 30 00:06:55 2024
# Track:  https://youtube.com/watch?v=AGB_fNG0R94
# Reason: ERROR: [youtube] AGB_fNG0R94: Video unavailable

################################

# Entry removed Fri Aug 30 00:06:56 2024
# Track:  https://youtube.com/watch?v=TYRDgd3Tb44
# Reason: ERROR: [youtube] TYRDgd3Tb44: Video unavailable. This video is no longer available because the YouTube account associated with this video has been terminated.

################################

# Entry removed Tue Sep  3 01:23:23 2024
# Track:  https://youtube.com/watch?v=eR8lqZuOCOg
# Reason: ERROR: [youtube] eR8lqZuOCOg: Private video. Sign in if you've been granted access to this video

################################

# Entry removed Tue Sep  3 01:50:12 2024
# Track:  https://youtube.com/watch?v=LA-CBTXvHHY
# Reason: ERROR: [youtube] LA-CBTXvHHY: Private video. Sign in if you've been granted access to this video

################################

# Entry removed Tue Sep  3 22:11:36 2024
# Track:  https://youtube.com/watch?v=ObtLNz7NQuQ
# Reason: ERROR: [youtube] ObtLNz7NQuQ: Video unavailable

################################

# Entry removed Tue Sep  3 22:14:49 2024
# Track:  https://youtube.com/watch?v=9eiOjNVdJmk
# Reason: ERROR: [youtube] 9eiOjNVdJmk: Video unavailable

################################

# Entry removed Tue Sep  3 22:29:10 2024
# Track:  https://youtube.com/watch?v=3gxNW2Ulpwk
# Reason: ERROR: [youtube] 3gxNW2Ulpwk: Video unavailable

################################

# Entry removed Tue Sep  3 23:01:37 2024
# Track:  https://youtube.com/watch?v=_KMywQHeDWI
# Reason: ERROR: [youtube] _KMywQHeDWI: Video unavailable

################################

# Entry removed Tue Sep  3 23:11:49 2024
# Track:  https://youtube.com/watch?v=ZBsFntczDoM
# Reason: ERROR: [youtube] ZBsFntczDoM: Video unavailable

################################

# Entry removed Tue Sep  3 23:30:11 2024
# Track:  https://youtube.com/watch?v=ClE5MBXh4rg
# Reason: ERROR: [youtube] ClE5MBXh4rg: Video unavailable. The uploader has not made this video available in your country

################################

# Entry removed Mon Sep  9 23:12:08 2024
# Track:  https://youtube.com/watch?v=CpaBpm3_R-8
# Reason: ERROR: [youtube] CpaBpm3_R-8: Private video. Sign in if you've been granted access to this video

################################

# Entry removed Sat Sep 14 20:14:13 2024
# Track:  https://youtube.com/watch?v=aOwYA_vEZYo
# Reason: ERROR: [youtube] aOwYA_vEZYo: Video unavailable. This video is not available

################################

# Entry removed Sat Sep 14 20:15:10 2024
# Track:  https://youtube.com/watch?v=PFcboZcAzqg
# Reason: ERROR: [youtube] PFcboZcAzqg: Private video. Sign in if you've been granted access to this video

################################

# Entry removed Sat Sep 14 20:15:10 2024
# Track:  https://youtube.com/watch?v=KxadblDT6zI
# Reason: ERROR: [youtube] KxadblDT6zI: Video unavailable

################################

# Entry removed Tue Sep 17 22:11:48 2024
# Track:  https://youtube.com/watch?v=qFhM1XZsh6o
# Reason: ERROR: [youtube] qFhM1XZsh6o: Video unavailable. This video contains content from SME, who has blocked it in your country on copyright grounds

################################

# Entry removed Tue Sep 17 22:15:24 2024
# Track:  https://youtube.com/watch?v=jlV3zeWnWZY
# Reason: ERROR: [youtube] jlV3zeWnWZY: Video unavailable. This video is no longer available because the YouTube account associated with this video has been terminated.

################################

# Entry removed Fri Sep 20 21:05:04 2024
# Track:  https://youtube.com/watch?v=dXpFEgi43lU
# Reason: ERROR: [youtube] dXpFEgi43lU: Private video. Sign in if you've been granted access to this video

################################

# Entry removed Fri Sep 20 21:44:14 2024
# Track:  https://youtube.com/watch?v=6WEHRveRhU4
# Reason: ERROR: [youtube] 6WEHRveRhU4: Private video. Sign in if you've been granted access to this video

################################

# Entry removed Fri Sep 20 21:47:54 2024
# Track:  https://youtube.com/watch?v=oxKCPjcvbys
# Reason: ERROR: [youtube] oxKCPjcvbys: Video unavailable

################################

# Entry removed Fri Sep 20 22:05:44 2024
# Track:  https://youtube.com/watch?v=OLqNFjLsJLk
# Reason: ERROR: [youtube] OLqNFjLsJLk: Video unavailable. This video is no longer available because the YouTube account associated with this video has been terminated.

################################

# Entry removed Fri Sep 20 22:31:08 2024
# Track:  https://youtube.com/watch?v=c0ubrGE1Egk
# Reason: ERROR: [youtube] c0ubrGE1Egk: Video unavailable

################################

# Entry removed Fri Sep 20 22:39:07 2024
# Track:  https://youtube.com/watch?v=P-a6c1b0qCs
# Reason: ERROR: [youtube] P-a6c1b0qCs: Video unavailable. This video is no longer available because the YouTube account associated with this video has been terminated.

################################

# Entry removed Fri Sep 20 22:39:07 2024
# Track:  https://youtube.com/watch?v=ySWVxTNUu0c
# Reason: ERROR: [youtube] ySWVxTNUu0c: Video unavailable. This video is no longer available because the YouTube account associated with this video has been terminated.

################################

# Entry removed Fri Sep 20 22:44:52 2024
# Track:  https://youtube.com/watch?v=mPDLoGm6E-Q
# Reason: ERROR: [youtube] mPDLoGm6E-Q: Video unavailable

################################

